BottomNavigation/build/intermediates/manifest_merge_blame_file/debug/manifest-merger-blame-debug-report.txt
1<?xml version="1.0" encoding="utf-8"?>
2<manifest xmlns:android="http://schemas.android.com/apk/res/android"
3    package="com.aurelhubert.ahbottomnavigation"
4    android:versionCode="41"
5    android:versionName="2.2.0" >
6
7    <uses-sdk
8        android:minSdkVersion="14"
8-->src\main\AndroidManifest.xml
9        android:targetSdkVersion="27" />
9-->src\main\AndroidManifest.xml
10
11    <application
11-->src\main\AndroidManifest.xml:4:5-6:38
12        android:allowBackup="false"
12-->src\main\AndroidManifest.xml:5:9-36
13        android:supportsRtl="true" />
13-->src\main\AndroidManifest.xml:6:9-35
14
15</manifest>